<?xml version="1.0" encoding="UTF-8"?>
<testsuite name="shopping in Falabella" tests="1" skipped="0" failures="0" errors="0" timestamp="2022-05-11T23:38:29" hostname="NEKROSANTE" time="49.499">
  <properties/>
  <testcase name="purchase of a product on the Falabella page" classname="shopping in Falabella" time="49.499"/>
  <system-out><![CDATA[
@stories @scenario1
Scenario: purchase of a product on the Falabella page           ?[90m# src/test/resources/features/falabellaShopping.feature:4?[0m
  ?[32mGiven ?[0m?[32maccess to the falabella page?[0m                            ?[90m# falabellaShopping.stepdefinitions.StepDefinitionsFalabellaShopping.access_to_the_falabella_page()?[0m
  ?[32mAnd ?[0m?[32mclose the pop-up?[0m                                          ?[90m# falabellaShopping.stepdefinitions.StepDefinitionsFalabellaShopping.close_the_popup()?[0m
  ?[32mAnd ?[0m?[32mchoose a certain product and add it to the bag ?[0m?[32m?[1m"NINTENDO"?[0m ?[90m# falabellaShopping.stepdefinitions.StepDefinitionsFalabellaShopping.choose_product_bag(java.lang.String)?[0m
  ?[32mWhen ?[0m?[32menter the shopping bag?[0m                                   ?[90m# falabellaShopping.stepdefinitions.StepDefinitionsFalabellaShopping.enter_shopping_bag()?[0m
  ?[32mThen ?[0m?[32mthe user expects to be on the payment option page?[0m        ?[90m# falabellaShopping.stepdefinitions.StepDefinitionsFalabellaShopping.expects_payment_option_page()?[0m
]]></system-out>
  <system-err><![CDATA[[Test worker] INFO io.cucumber.core.plugin.SerenityReporter - Running feature from file:///C:/Users/Nekrosante/IdeaProjects/falabellaShopping/src/test/resources/features/falabellaShopping.feature
[Test worker] INFO  - 
  _____   ___   ___   _____     ___   _____     _     ___   _____   ___   ___  
 |_   _| | __| / __| |_   _|   / __| |_   _|   /_\   | _ \ |_   _| | __| |   \ 
   | |   | _|  \__ \   | |     \__ \   | |    / _ \  |   /   | |   | _|  | |) |
   |_|   |___| |___/   |_|     |___/   |_|   /_/ \_\ |_|_\   |_|   |___| |___/ 

purchase of a product on the Falabella page(shopping-in-falabella;purchase-of-a-product-on-the-falabella-page)
--------------------------------------------------------------------------------
[Test worker] INFO net.serenitybdd.core.webdriver.driverproviders.ChromeDriverProvider - Using automatically driver download
[Test worker] INFO io.github.bonigarcia.wdm.WebDriverManager - Using chromedriver 101.0.4951.41 (resolved driver for Chrome 101)
[Test worker] INFO io.github.bonigarcia.wdm.WebDriverManager - Exporting webdriver.chrome.driver as C:\Users\Nekrosante\.cache\selenium\chromedriver\win32\101.0.4951.41\chromedriver.exe
Starting ChromeDriver 100.0.4896.60 (6a5d10861ce8de5fce22564658033b43cb7de047-refs/branch-heads/4896@{#875}) on port 53450
Only local connections are allowed.
Please see https://chromedriver.chromium.org/security-considerations for suggestions on keeping ChromeDriver safe.
ChromeDriver was started successfully.
[1652312315.193][WARNING]: This version of ChromeDriver has not been tested with Chrome version 101.
may. 11, 2022 6:38:35 P. M. org.openqa.selenium.remote.ProtocolHandshake createSession
INFORMACIÓN: Detected dialect: W3C
may. 11, 2022 6:38:35 P. M. org.openqa.selenium.devtools.CdpVersionFinder findNearestMatch
ADVERTENCIA: Unable to find an exact match for CDP version 101, so returning the closest version found: 97
may. 11, 2022 6:38:35 P. M. org.openqa.selenium.devtools.CdpVersionFinder findNearestMatch
INFORMACIÓN: Found CDP implementation for version 101 of 97
[Test worker] INFO  - 
  _____   ___   ___   _____     ___     _     ___   ___   ___   ___  
 |_   _| | __| / __| |_   _|   | _ \   /_\   / __| / __| | __| |   \ 
   | |   | _|  \__ \   | |     |  _/  / _ \  \__ \ \__ \ | _|  | |) |
   |_|   |___| |___/   |_|     |_|   /_/ \_\ |___/ |___/ |___| |___/ 

purchase of a product on the Falabella page
----------------------------------------------------------------------
]]></system-err>
</testsuite>
